ERROR - 2024-11-20 18:35:14 --> Error connecting to the database: mysqli_sql_exception: Access denied for user ''@'localhost' (using password: NO) in C:\laragon\www\biblioteca\system\Database\MySQLi\Connection.php:187
Stack trace:
#0 C:\laragon\www\biblioteca\system\Database\MySQLi\Connection.php(187): mysqli->real_connect('localhost', '', '', '', 3306, '', 0)
#1 C:\laragon\www\biblioteca\system\Database\BaseConnection.php(421): CodeIgniter\Database\MySQLi\Connection->connect(false)
#2 C:\laragon\www\biblioteca\system\Database\BaseConnection.php(616): CodeIgniter\Database\BaseConnection->initialize()
#3 C:\laragon\www\biblioteca\system\Database\BaseConnection.php(1485): CodeIgniter\Database\BaseConnection->query('SHOW TABLES FRO...')
#4 C:\laragon\www\biblioteca\system\Database\BaseConnection.php(1505): CodeIgniter\Database\BaseConnection->listTables()
#5 C:\laragon\www\biblioteca\system\Database\MigrationRunner.php(759): CodeIgniter\Database\BaseConnection->tableExists('migrations')
#6 C:\laragon\www\biblioteca\system\Database\MigrationRunner.php(163): CodeIgniter\Database\MigrationRunner->ensureTable()
#7 C:\laragon\www\biblioteca\system\Commands\Database\Migrate.php(85): CodeIgniter\Database\MigrationRunner->latest(NULL)
#8 C:\laragon\www\biblioteca\system\CLI\Commands.php(70): CodeIgniter\Commands\Database\Migrate->run(Array)
#9 C:\laragon\www\biblioteca\system\CLI\Console.php(48): CodeIgniter\CLI\Commands->run('migrate', Array)
#10 C:\laragon\www\biblioteca\system\Boot.php(351): CodeIgniter\CLI\Console->run()
#11 C:\laragon\www\biblioteca\system\Boot.php(104): CodeIgniter\Boot::runCommand(Object(CodeIgniter\CLI\Console))
#12 C:\laragon\www\biblioteca\spark(84): CodeIgniter\Boot::bootSpark(Object(Config\Paths))
#13 {main}

Next CodeIgniter\Database\Exceptions\DatabaseException: Access denied for user ''@'localhost' (using password: NO) in C:\laragon\www\biblioteca\system\Database\MySQLi\Connection.php:231
Stack trace:
#0 C:\laragon\www\biblioteca\system\Database\BaseConnection.php(421): CodeIgniter\Database\MySQLi\Connection->connect(false)
#1 C:\laragon\www\biblioteca\system\Database\BaseConnection.php(616): CodeIgniter\Database\BaseConnection->initialize()
#2 C:\laragon\www\biblioteca\system\Database\BaseConnection.php(1485): CodeIgniter\Database\BaseConnection->query('SHOW TABLES FRO...')
#3 C:\laragon\www\biblioteca\system\Database\BaseConnection.php(1505): CodeIgniter\Database\BaseConnection->listTables()
#4 C:\laragon\www\biblioteca\system\Database\MigrationRunner.php(759): CodeIgniter\Database\BaseConnection->tableExists('migrations')
#5 C:\laragon\www\biblioteca\system\Database\MigrationRunner.php(163): CodeIgniter\Database\MigrationRunner->ensureTable()
#6 C:\laragon\www\biblioteca\system\Commands\Database\Migrate.php(85): CodeIgniter\Database\MigrationRunner->latest(NULL)
#7 C:\laragon\www\biblioteca\system\CLI\Commands.php(70): CodeIgniter\Commands\Database\Migrate->run(Array)
#8 C:\laragon\www\biblioteca\system\CLI\Console.php(48): CodeIgniter\CLI\Commands->run('migrate', Array)
#9 C:\laragon\www\biblioteca\system\Boot.php(351): CodeIgniter\CLI\Console->run()
#10 C:\laragon\www\biblioteca\system\Boot.php(104): CodeIgniter\Boot::runCommand(Object(CodeIgniter\CLI\Console))
#11 C:\laragon\www\biblioteca\spark(84): CodeIgniter\Boot::bootSpark(Object(Config\Paths))
#12 {main}
ERROR - 2024-11-20 18:38:31 --> Error connecting to the database: mysqli_sql_exception: Access denied for user 'root'@'localhost' (using password: YES) in C:\laragon\www\biblioteca\system\Database\MySQLi\Connection.php:187
Stack trace:
#0 C:\laragon\www\biblioteca\system\Database\MySQLi\Connection.php(187): mysqli->real_connect('localhost', 'root', 'root', 'biblioteca', 3306, '', 0)
#1 C:\laragon\www\biblioteca\system\Database\BaseConnection.php(421): CodeIgniter\Database\MySQLi\Connection->connect(false)
#2 C:\laragon\www\biblioteca\system\Database\BaseConnection.php(616): CodeIgniter\Database\BaseConnection->initialize()
#3 C:\laragon\www\biblioteca\system\Database\BaseConnection.php(1485): CodeIgniter\Database\BaseConnection->query('SHOW TABLES FRO...')
#4 C:\laragon\www\biblioteca\system\Database\BaseConnection.php(1505): CodeIgniter\Database\BaseConnection->listTables()
#5 C:\laragon\www\biblioteca\system\Database\MigrationRunner.php(759): CodeIgniter\Database\BaseConnection->tableExists('migrations')
#6 C:\laragon\www\biblioteca\system\Database\MigrationRunner.php(163): CodeIgniter\Database\MigrationRunner->ensureTable()
#7 C:\laragon\www\biblioteca\system\Commands\Database\Migrate.php(85): CodeIgniter\Database\MigrationRunner->latest(NULL)
#8 C:\laragon\www\biblioteca\system\CLI\Commands.php(70): CodeIgniter\Commands\Database\Migrate->run(Array)
#9 C:\laragon\www\biblioteca\system\CLI\Console.php(48): CodeIgniter\CLI\Commands->run('migrate', Array)
#10 C:\laragon\www\biblioteca\system\Boot.php(351): CodeIgniter\CLI\Console->run()
#11 C:\laragon\www\biblioteca\system\Boot.php(104): CodeIgniter\Boot::runCommand(Object(CodeIgniter\CLI\Console))
#12 C:\laragon\www\biblioteca\spark(84): CodeIgniter\Boot::bootSpark(Object(Config\Paths))
#13 {main}

Next CodeIgniter\Database\Exceptions\DatabaseException: Access denied for user '****'@'localhost' (using password: YES) in C:\laragon\www\biblioteca\system\Database\MySQLi\Connection.php:231
Stack trace:
#0 C:\laragon\www\biblioteca\system\Database\BaseConnection.php(421): CodeIgniter\Database\MySQLi\Connection->connect(false)
#1 C:\laragon\www\biblioteca\system\Database\BaseConnection.php(616): CodeIgniter\Database\BaseConnection->initialize()
#2 C:\laragon\www\biblioteca\system\Database\BaseConnection.php(1485): CodeIgniter\Database\BaseConnection->query('SHOW TABLES FRO...')
#3 C:\laragon\www\biblioteca\system\Database\BaseConnection.php(1505): CodeIgniter\Database\BaseConnection->listTables()
#4 C:\laragon\www\biblioteca\system\Database\MigrationRunner.php(759): CodeIgniter\Database\BaseConnection->tableExists('migrations')
#5 C:\laragon\www\biblioteca\system\Database\MigrationRunner.php(163): CodeIgniter\Database\MigrationRunner->ensureTable()
#6 C:\laragon\www\biblioteca\system\Commands\Database\Migrate.php(85): CodeIgniter\Database\MigrationRunner->latest(NULL)
#7 C:\laragon\www\biblioteca\system\CLI\Commands.php(70): CodeIgniter\Commands\Database\Migrate->run(Array)
#8 C:\laragon\www\biblioteca\system\CLI\Console.php(48): CodeIgniter\CLI\Commands->run('migrate', Array)
#9 C:\laragon\www\biblioteca\system\Boot.php(351): CodeIgniter\CLI\Console->run()
#10 C:\laragon\www\biblioteca\system\Boot.php(104): CodeIgniter\Boot::runCommand(Object(CodeIgniter\CLI\Console))
#11 C:\laragon\www\biblioteca\spark(84): CodeIgniter\Boot::bootSpark(Object(Config\Paths))
#12 {main}
ERROR - 2024-11-20 18:40:06 --> mysqli_sql_exception: You have an error in your SQL syntax; check the manual that corresponds to your MySQL server version for the right syntax to use near 'NULL,
	CONSTRAINT `pk_libros` PRIMARY KEY(`id`)
) DEFAULT CHARACTER SET = utf8mb' at line 4 in C:\laragon\www\biblioteca\system\Database\MySQLi\Connection.php:312
Stack trace:
#0 C:\laragon\www\biblioteca\system\Database\MySQLi\Connection.php(312): mysqli->query('CREATE TABLE `l...', 0)
#1 C:\laragon\www\biblioteca\system\Database\BaseConnection.php(734): CodeIgniter\Database\MySQLi\Connection->execute('CREATE TABLE `l...')
#2 C:\laragon\www\biblioteca\system\Database\BaseConnection.php(648): CodeIgniter\Database\BaseConnection->simpleQuery('CREATE TABLE `l...')
#3 C:\laragon\www\biblioteca\system\Database\Forge.php(570): CodeIgniter\Database\BaseConnection->query('CREATE TABLE `l...')
#4 C:\laragon\www\biblioteca\app\Database\Migrations\2024-11-20-182437_Libros.php(32): CodeIgniter\Database\Forge->createTable('libros')
#5 C:\laragon\www\biblioteca\system\Database\MigrationRunner.php(867): App\Database\Migrations\Libros->up()
#6 C:\laragon\www\biblioteca\system\Database\MigrationRunner.php(183): CodeIgniter\Database\MigrationRunner->migrate('up', Object(stdClass))
#7 C:\laragon\www\biblioteca\system\Commands\Database\Migrate.php(85): CodeIgniter\Database\MigrationRunner->latest(NULL)
#8 C:\laragon\www\biblioteca\system\CLI\Commands.php(70): CodeIgniter\Commands\Database\Migrate->run(Array)
#9 C:\laragon\www\biblioteca\system\CLI\Console.php(48): CodeIgniter\CLI\Commands->run('migrate', Array)
#10 C:\laragon\www\biblioteca\system\Boot.php(351): CodeIgniter\CLI\Console->run()
#11 C:\laragon\www\biblioteca\system\Boot.php(104): CodeIgniter\Boot::runCommand(Object(CodeIgniter\CLI\Console))
#12 C:\laragon\www\biblioteca\spark(84): CodeIgniter\Boot::bootSpark(Object(Config\Paths))
#13 {main}
ERROR - 2024-11-20 18:41:12 --> mysqli_sql_exception: You have an error in your SQL syntax; check the manual that corresponds to your MySQL server version for the right syntax to use near 'NOT NULL,
	CONSTRAINT `pk_libros` PRIMARY KEY(`id`)
) DEFAULT CHARACTER SET = ut' at line 4 in C:\laragon\www\biblioteca\system\Database\MySQLi\Connection.php:312
Stack trace:
#0 C:\laragon\www\biblioteca\system\Database\MySQLi\Connection.php(312): mysqli->query('CREATE TABLE `l...', 0)
#1 C:\laragon\www\biblioteca\system\Database\BaseConnection.php(734): CodeIgniter\Database\MySQLi\Connection->execute('CREATE TABLE `l...')
#2 C:\laragon\www\biblioteca\system\Database\BaseConnection.php(648): CodeIgniter\Database\BaseConnection->simpleQuery('CREATE TABLE `l...')
#3 C:\laragon\www\biblioteca\system\Database\Forge.php(570): CodeIgniter\Database\BaseConnection->query('CREATE TABLE `l...')
#4 C:\laragon\www\biblioteca\app\Database\Migrations\2024-11-20-182437_Libros.php(31): CodeIgniter\Database\Forge->createTable('libros')
#5 C:\laragon\www\biblioteca\system\Database\MigrationRunner.php(867): App\Database\Migrations\Libros->up()
#6 C:\laragon\www\biblioteca\system\Database\MigrationRunner.php(183): CodeIgniter\Database\MigrationRunner->migrate('up', Object(stdClass))
#7 C:\laragon\www\biblioteca\system\Commands\Database\Migrate.php(85): CodeIgniter\Database\MigrationRunner->latest(NULL)
#8 C:\laragon\www\biblioteca\system\CLI\Commands.php(70): CodeIgniter\Commands\Database\Migrate->run(Array)
#9 C:\laragon\www\biblioteca\system\CLI\Console.php(48): CodeIgniter\CLI\Commands->run('migrate', Array)
#10 C:\laragon\www\biblioteca\system\Boot.php(351): CodeIgniter\CLI\Console->run()
#11 C:\laragon\www\biblioteca\system\Boot.php(104): CodeIgniter\Boot::runCommand(Object(CodeIgniter\CLI\Console))
#12 C:\laragon\www\biblioteca\spark(84): CodeIgniter\Boot::bootSpark(Object(Config\Paths))
#13 {main}
ERROR - 2024-11-20 19:06:42 --> mysqli_sql_exception: You have an error in your SQL syntax; check the manual that corresponds to your MySQL server version for the right syntax to use near 'NOT NULL,
	CONSTRAINT `pk_libros` PRIMARY KEY(`id`)
) DEFAULT CHARACTER SET = ut' at line 4 in C:\laragon\www\biblioteca\system\Database\MySQLi\Connection.php:312
Stack trace:
#0 C:\laragon\www\biblioteca\system\Database\MySQLi\Connection.php(312): mysqli->query('CREATE TABLE `l...', 0)
#1 C:\laragon\www\biblioteca\system\Database\BaseConnection.php(734): CodeIgniter\Database\MySQLi\Connection->execute('CREATE TABLE `l...')
#2 C:\laragon\www\biblioteca\system\Database\BaseConnection.php(648): CodeIgniter\Database\BaseConnection->simpleQuery('CREATE TABLE `l...')
#3 C:\laragon\www\biblioteca\system\Database\Forge.php(570): CodeIgniter\Database\BaseConnection->query('CREATE TABLE `l...')
#4 C:\laragon\www\biblioteca\app\Database\Migrations\x\2024-11-20-182437_Libros.php(31): CodeIgniter\Database\Forge->createTable('libros')
#5 C:\laragon\www\biblioteca\system\Database\MigrationRunner.php(867): App\Database\Migrations\Libros->up()
#6 C:\laragon\www\biblioteca\system\Database\MigrationRunner.php(183): CodeIgniter\Database\MigrationRunner->migrate('up', Object(stdClass))
#7 C:\laragon\www\biblioteca\system\Commands\Database\Migrate.php(85): CodeIgniter\Database\MigrationRunner->latest(NULL)
#8 C:\laragon\www\biblioteca\system\CLI\Commands.php(70): CodeIgniter\Commands\Database\Migrate->run(Array)
#9 C:\laragon\www\biblioteca\system\CLI\Console.php(48): CodeIgniter\CLI\Commands->run('migrate', Array)
#10 C:\laragon\www\biblioteca\system\Boot.php(351): CodeIgniter\CLI\Console->run()
#11 C:\laragon\www\biblioteca\system\Boot.php(104): CodeIgniter\Boot::runCommand(Object(CodeIgniter\CLI\Console))
#12 C:\laragon\www\biblioteca\spark(84): CodeIgniter\Boot::bootSpark(Object(Config\Paths))
#13 {main}
ERROR - 2024-11-20 19:08:53 --> mysqli_sql_exception: You have an error in your SQL syntax; check the manual that corresponds to your MySQL server version for the right syntax to use near 'NOT NULL,
	CONSTRAINT `pk_libros` PRIMARY KEY(`id`)
) DEFAULT CHARACTER SET = ut' at line 4 in C:\laragon\www\biblioteca\system\Database\MySQLi\Connection.php:312
Stack trace:
#0 C:\laragon\www\biblioteca\system\Database\MySQLi\Connection.php(312): mysqli->query('CREATE TABLE `l...', 0)
#1 C:\laragon\www\biblioteca\system\Database\BaseConnection.php(734): CodeIgniter\Database\MySQLi\Connection->execute('CREATE TABLE `l...')
#2 C:\laragon\www\biblioteca\system\Database\BaseConnection.php(648): CodeIgniter\Database\BaseConnection->simpleQuery('CREATE TABLE `l...')
#3 C:\laragon\www\biblioteca\system\Database\Forge.php(570): CodeIgniter\Database\BaseConnection->query('CREATE TABLE `l...')
#4 C:\laragon\www\biblioteca\app\Database\Migrations\2024-11-20-182437_Libros.php(31): CodeIgniter\Database\Forge->createTable('libros')
#5 C:\laragon\www\biblioteca\system\Database\MigrationRunner.php(867): App\Database\Migrations\Libros->up()
#6 C:\laragon\www\biblioteca\system\Database\MigrationRunner.php(183): CodeIgniter\Database\MigrationRunner->migrate('up', Object(stdClass))
#7 C:\laragon\www\biblioteca\system\Commands\Database\Migrate.php(85): CodeIgniter\Database\MigrationRunner->latest(NULL)
#8 C:\laragon\www\biblioteca\system\CLI\Commands.php(70): CodeIgniter\Commands\Database\Migrate->run(Array)
#9 C:\laragon\www\biblioteca\system\CLI\Console.php(48): CodeIgniter\CLI\Commands->run('migrate', Array)
#10 C:\laragon\www\biblioteca\system\Boot.php(351): CodeIgniter\CLI\Console->run()
#11 C:\laragon\www\biblioteca\system\Boot.php(104): CodeIgniter\Boot::runCommand(Object(CodeIgniter\CLI\Console))
#12 C:\laragon\www\biblioteca\spark(84): CodeIgniter\Boot::bootSpark(Object(Config\Paths))
#13 {main}
ERROR - 2024-11-20 19:08:53 --> mysqli_sql_exception: You have an error in your SQL syntax; check the manual that corresponds to your MySQL server version for the right syntax to use near 'NULL,
	CONSTRAINT `pk_categorias` PRIMARY KEY(`id`)
) DEFAULT CHARACTER SET = ut' at line 4 in C:\laragon\www\biblioteca\system\Database\MySQLi\Connection.php:312
Stack trace:
#0 C:\laragon\www\biblioteca\system\Database\MySQLi\Connection.php(312): mysqli->query('CREATE TABLE `c...', 0)
#1 C:\laragon\www\biblioteca\system\Database\BaseConnection.php(734): CodeIgniter\Database\MySQLi\Connection->execute('CREATE TABLE `c...')
#2 C:\laragon\www\biblioteca\system\Database\BaseConnection.php(648): CodeIgniter\Database\BaseConnection->simpleQuery('CREATE TABLE `c...')
#3 C:\laragon\www\biblioteca\system\Database\Forge.php(570): CodeIgniter\Database\BaseConnection->query('CREATE TABLE `c...')
#4 C:\laragon\www\biblioteca\app\Database\Migrations\2024-11-20-185419_Categorias.php(33): CodeIgniter\Database\Forge->createTable('categorias')
#5 C:\laragon\www\biblioteca\system\Database\MigrationRunner.php(867): App\Database\Migrations\Categorias->up()
#6 C:\laragon\www\biblioteca\system\Database\MigrationRunner.php(183): CodeIgniter\Database\MigrationRunner->migrate('up', Object(stdClass))
#7 C:\laragon\www\biblioteca\system\Commands\Database\Migrate.php(85): CodeIgniter\Database\MigrationRunner->latest(NULL)
#8 C:\laragon\www\biblioteca\system\CLI\Commands.php(70): CodeIgniter\Commands\Database\Migrate->run(Array)
#9 C:\laragon\www\biblioteca\system\CLI\Console.php(48): CodeIgniter\CLI\Commands->run('migrate', Array)
#10 C:\laragon\www\biblioteca\system\Boot.php(351): CodeIgniter\CLI\Console->run()
#11 C:\laragon\www\biblioteca\system\Boot.php(104): CodeIgniter\Boot::runCommand(Object(CodeIgniter\CLI\Console))
#12 C:\laragon\www\biblioteca\spark(84): CodeIgniter\Boot::bootSpark(Object(Config\Paths))
#13 {main}
CRITICAL - 2024-11-20 20:01:02 --> ErrorException: Undefined variable $libros
[Method: GET, Route: Categorias]
in APPPATH\Views\Categoria.php on line 19.
 1 APPPATH\Views\Categoria.php(19): CodeIgniter\Debug\Exceptions->errorHandler(2, 'Undefined variable $libros', 'C:\\laragon\\www\\biblioteca\\app\\Views\\Categoria.php', 19)
 2 SYSTEMPATH\View\View.php(234): include('C:\\laragon\\www\\biblioteca\\app\\Views\\Categoria.php')
 3 SYSTEMPATH\View\View.php(237): CodeIgniter\View\View->CodeIgniter\View\{closure}()
 4 SYSTEMPATH\Common.php(1171): CodeIgniter\View\View->render('Categoria', [], true)
 5 APPPATH\Controllers\Categorias.php(19): view('Categoria', [...])
 6 SYSTEMPATH\CodeIgniter.php(933): App\Controllers\Categorias->index()
 7 SYSTEMPATH\CodeIgniter.php(509): CodeIgniter\CodeIgniter->runController(Object(App\Controllers\Categorias))
 8 SYSTEMPATH\CodeIgniter.php(355): CodeIgniter\CodeIgniter->handleRequest(null, Object(Config\Cache), false)
 9 SYSTEMPATH\Boot.php(325): CodeIgniter\CodeIgniter->run()
10 SYSTEMPATH\Boot.php(67): CodeIgniter\Boot::runCodeIgniter(Object(CodeIgniter\CodeIgniter))
11 FCPATH\index.php(56): CodeIgniter\Boot::bootWeb(Object(Config\Paths))
CRITICAL - 2024-11-20 20:01:20 --> ErrorException: Undefined variable $categorias
[Method: GET, Route: Categorias]
in APPPATH\Views\Categoria.php on line 19.
 1 APPPATH\Views\Categoria.php(19): CodeIgniter\Debug\Exceptions->errorHandler(2, 'Undefined variable $categorias', 'C:\\laragon\\www\\biblioteca\\app\\Views\\Categoria.php', 19)
 2 SYSTEMPATH\View\View.php(234): include('C:\\laragon\\www\\biblioteca\\app\\Views\\Categoria.php')
 3 SYSTEMPATH\View\View.php(237): CodeIgniter\View\View->CodeIgniter\View\{closure}()
 4 SYSTEMPATH\Common.php(1171): CodeIgniter\View\View->render('Categoria', [], true)
 5 APPPATH\Controllers\Categorias.php(19): view('Categoria', [...])
 6 SYSTEMPATH\CodeIgniter.php(933): App\Controllers\Categorias->index()
 7 SYSTEMPATH\CodeIgniter.php(509): CodeIgniter\CodeIgniter->runController(Object(App\Controllers\Categorias))
 8 SYSTEMPATH\CodeIgniter.php(355): CodeIgniter\CodeIgniter->handleRequest(null, Object(Config\Cache), false)
 9 SYSTEMPATH\Boot.php(325): CodeIgniter\CodeIgniter->run()
10 SYSTEMPATH\Boot.php(67): CodeIgniter\Boot::runCodeIgniter(Object(CodeIgniter\CodeIgniter))
11 FCPATH\index.php(56): CodeIgniter\Boot::bootWeb(Object(Config\Paths))
CRITICAL - 2024-11-20 20:01:21 --> ErrorException: Undefined variable $categorias
[Method: GET, Route: Categorias]
in APPPATH\Views\Categoria.php on line 19.
 1 APPPATH\Views\Categoria.php(19): CodeIgniter\Debug\Exceptions->errorHandler(2, 'Undefined variable $categorias', 'C:\\laragon\\www\\biblioteca\\app\\Views\\Categoria.php', 19)
 2 SYSTEMPATH\View\View.php(234): include('C:\\laragon\\www\\biblioteca\\app\\Views\\Categoria.php')
 3 SYSTEMPATH\View\View.php(237): CodeIgniter\View\View->CodeIgniter\View\{closure}()
 4 SYSTEMPATH\Common.php(1171): CodeIgniter\View\View->render('Categoria', [], true)
 5 APPPATH\Controllers\Categorias.php(19): view('Categoria', [...])
 6 SYSTEMPATH\CodeIgniter.php(933): App\Controllers\Categorias->index()
 7 SYSTEMPATH\CodeIgniter.php(509): CodeIgniter\CodeIgniter->runController(Object(App\Controllers\Categorias))
 8 SYSTEMPATH\CodeIgniter.php(355): CodeIgniter\CodeIgniter->handleRequest(null, Object(Config\Cache), false)
 9 SYSTEMPATH\Boot.php(325): CodeIgniter\CodeIgniter->run()
10 SYSTEMPATH\Boot.php(67): CodeIgniter\Boot::runCodeIgniter(Object(CodeIgniter\CodeIgniter))
11 FCPATH\index.php(56): CodeIgniter\Boot::bootWeb(Object(Config\Paths))
