INFO - 2024-11-25 15:57:26 --> Session: Class initialized using 'CodeIgniter\Session\Handlers\FileHandler' driver.
INFO - 2024-11-25 15:57:30 --> Session: Class initialized using 'CodeIgniter\Session\Handlers\FileHandler' driver.
INFO - 2024-11-25 15:57:43 --> Session: Class initialized using 'CodeIgniter\Session\Handlers\FileHandler' driver.
INFO - 2024-11-25 15:57:43 --> Session: Class initialized using 'CodeIgniter\Session\Handlers\FileHandler' driver.
INFO - 2024-11-25 15:57:46 --> Session: Class initialized using 'CodeIgniter\Session\Handlers\FileHandler' driver.
INFO - 2024-11-25 15:57:53 --> Session: Class initialized using 'CodeIgniter\Session\Handlers\FileHandler' driver.
INFO - 2024-11-25 15:57:53 --> Session: Class initialized using 'CodeIgniter\Session\Handlers\FileHandler' driver.
INFO - 2024-11-25 15:58:07 --> Session: Class initialized using 'CodeIgniter\Session\Handlers\FileHandler' driver.
INFO - 2024-11-25 15:58:11 --> Session: Class initialized using 'CodeIgniter\Session\Handlers\FileHandler' driver.
ERROR - 2024-11-25 15:58:15 --> mysqli_sql_exception: Table 'biblioteca.categoria' doesn't exist in C:\laragon\www\biblioteca\system\Database\MySQLi\Connection.php:312
Stack trace:
#0 C:\laragon\www\biblioteca\system\Database\MySQLi\Connection.php(312): mysqli->query('SELECT *\nFROM `...', 0)
#1 C:\laragon\www\biblioteca\system\Database\BaseConnection.php(734): CodeIgniter\Database\MySQLi\Connection->execute('SELECT *\nFROM `...')
#2 C:\laragon\www\biblioteca\system\Database\BaseConnection.php(648): CodeIgniter\Database\BaseConnection->simpleQuery('SELECT *\nFROM `...')
#3 C:\laragon\www\biblioteca\system\Database\BaseBuilder.php(1644): CodeIgniter\Database\BaseConnection->query('SELECT *\nFROM `...', Array, false)
#4 C:\laragon\www\biblioteca\system\Model.php(286): CodeIgniter\Database\BaseBuilder->get()
#5 C:\laragon\www\biblioteca\system\BaseModel.php(676): CodeIgniter\Model->doFindAll(0, 0)
#6 C:\laragon\www\biblioteca\app\Controllers\Categorias.php(15): CodeIgniter\BaseModel->findAll()
#7 C:\laragon\www\biblioteca\system\CodeIgniter.php(933): App\Controllers\Categorias->index()
#8 C:\laragon\www\biblioteca\system\CodeIgniter.php(509): CodeIgniter\CodeIgniter->runController(Object(App\Controllers\Categorias))
#9 C:\laragon\www\biblioteca\system\CodeIgniter.php(355): CodeIgniter\CodeIgniter->handleRequest(NULL, Object(Config\Cache), false)
#10 C:\laragon\www\biblioteca\system\Boot.php(325): CodeIgniter\CodeIgniter->run()
#11 C:\laragon\www\biblioteca\system\Boot.php(67): CodeIgniter\Boot::runCodeIgniter(Object(CodeIgniter\CodeIgniter))
#12 C:\laragon\www\biblioteca\public\index.php(56): CodeIgniter\Boot::bootWeb(Object(Config\Paths))
#13 {main}
CRITICAL - 2024-11-25 15:58:15 --> Error: Call to a member function getResult() on bool
[Method: GET, Route: Categorias]
in SYSTEMPATH\Model.php on line 287.
 1 SYSTEMPATH\BaseModel.php(676): CodeIgniter\Model->doFindAll(0, 0)
 2 APPPATH\Controllers\Categorias.php(15): CodeIgniter\BaseModel->findAll()
 3 SYSTEMPATH\CodeIgniter.php(933): App\Controllers\Categorias->index()
 4 SYSTEMPATH\CodeIgniter.php(509): CodeIgniter\CodeIgniter->runController(Object(App\Controllers\Categorias))
 5 SYSTEMPATH\CodeIgniter.php(355): CodeIgniter\CodeIgniter->handleRequest(null, Object(Config\Cache), false)
 6 SYSTEMPATH\Boot.php(325): CodeIgniter\CodeIgniter->run()
 7 SYSTEMPATH\Boot.php(67): CodeIgniter\Boot::runCodeIgniter(Object(CodeIgniter\CodeIgniter))
 8 FCPATH\index.php(56): CodeIgniter\Boot::bootWeb(Object(Config\Paths))
INFO - 2024-11-25 15:58:19 --> Session: Class initialized using 'CodeIgniter\Session\Handlers\FileHandler' driver.
INFO - 2024-11-25 15:58:23 --> Session: Class initialized using 'CodeIgniter\Session\Handlers\FileHandler' driver.
INFO - 2024-11-25 15:58:23 --> Session: Class initialized using 'CodeIgniter\Session\Handlers\FileHandler' driver.
INFO - 2024-11-25 15:58:27 --> Session: Class initialized using 'CodeIgniter\Session\Handlers\FileHandler' driver.
INFO - 2024-11-25 15:58:27 --> Session: Class initialized using 'CodeIgniter\Session\Handlers\FileHandler' driver.
INFO - 2024-11-25 15:58:29 --> Session: Class initialized using 'CodeIgniter\Session\Handlers\FileHandler' driver.
INFO - 2024-11-25 15:58:29 --> Session: Class initialized using 'CodeIgniter\Session\Handlers\FileHandler' driver.
INFO - 2024-11-25 15:58:31 --> Session: Class initialized using 'CodeIgniter\Session\Handlers\FileHandler' driver.
INFO - 2024-11-25 15:58:31 --> Session: Class initialized using 'CodeIgniter\Session\Handlers\FileHandler' driver.
INFO - 2024-11-25 15:58:33 --> Session: Class initialized using 'CodeIgniter\Session\Handlers\FileHandler' driver.
INFO - 2024-11-25 15:58:35 --> Session: Class initialized using 'CodeIgniter\Session\Handlers\FileHandler' driver.
ERROR - 2024-11-25 15:58:40 --> mysqli_sql_exception: Table 'biblioteca.categoria' doesn't exist in C:\laragon\www\biblioteca\system\Database\MySQLi\Connection.php:312
Stack trace:
#0 C:\laragon\www\biblioteca\system\Database\MySQLi\Connection.php(312): mysqli->query('SELECT *\nFROM `...', 0)
#1 C:\laragon\www\biblioteca\system\Database\BaseConnection.php(734): CodeIgniter\Database\MySQLi\Connection->execute('SELECT *\nFROM `...')
#2 C:\laragon\www\biblioteca\system\Database\BaseConnection.php(648): CodeIgniter\Database\BaseConnection->simpleQuery('SELECT *\nFROM `...')
#3 C:\laragon\www\biblioteca\system\Database\BaseBuilder.php(1644): CodeIgniter\Database\BaseConnection->query('SELECT *\nFROM `...', Array, false)
#4 C:\laragon\www\biblioteca\system\Model.php(286): CodeIgniter\Database\BaseBuilder->get()
#5 C:\laragon\www\biblioteca\system\BaseModel.php(676): CodeIgniter\Model->doFindAll(0, 0)
#6 C:\laragon\www\biblioteca\app\Controllers\Categorias.php(15): CodeIgniter\BaseModel->findAll()
#7 C:\laragon\www\biblioteca\system\CodeIgniter.php(933): App\Controllers\Categorias->index()
#8 C:\laragon\www\biblioteca\system\CodeIgniter.php(509): CodeIgniter\CodeIgniter->runController(Object(App\Controllers\Categorias))
#9 C:\laragon\www\biblioteca\system\CodeIgniter.php(355): CodeIgniter\CodeIgniter->handleRequest(NULL, Object(Config\Cache), false)
#10 C:\laragon\www\biblioteca\system\Boot.php(325): CodeIgniter\CodeIgniter->run()
#11 C:\laragon\www\biblioteca\system\Boot.php(67): CodeIgniter\Boot::runCodeIgniter(Object(CodeIgniter\CodeIgniter))
#12 C:\laragon\www\biblioteca\public\index.php(56): CodeIgniter\Boot::bootWeb(Object(Config\Paths))
#13 {main}
CRITICAL - 2024-11-25 15:58:40 --> Error: Call to a member function getResult() on bool
[Method: GET, Route: Categorias]
in SYSTEMPATH\Model.php on line 287.
 1 SYSTEMPATH\BaseModel.php(676): CodeIgniter\Model->doFindAll(0, 0)
 2 APPPATH\Controllers\Categorias.php(15): CodeIgniter\BaseModel->findAll()
 3 SYSTEMPATH\CodeIgniter.php(933): App\Controllers\Categorias->index()
 4 SYSTEMPATH\CodeIgniter.php(509): CodeIgniter\CodeIgniter->runController(Object(App\Controllers\Categorias))
 5 SYSTEMPATH\CodeIgniter.php(355): CodeIgniter\CodeIgniter->handleRequest(null, Object(Config\Cache), false)
 6 SYSTEMPATH\Boot.php(325): CodeIgniter\CodeIgniter->run()
 7 SYSTEMPATH\Boot.php(67): CodeIgniter\Boot::runCodeIgniter(Object(CodeIgniter\CodeIgniter))
 8 FCPATH\index.php(56): CodeIgniter\Boot::bootWeb(Object(Config\Paths))
ERROR - 2024-11-25 16:01:28 --> mysqli_sql_exception: Table 'biblioteca.categoria' doesn't exist in C:\laragon\www\biblioteca\system\Database\MySQLi\Connection.php:312
Stack trace:
#0 C:\laragon\www\biblioteca\system\Database\MySQLi\Connection.php(312): mysqli->query('SELECT *\nFROM `...', 0)
#1 C:\laragon\www\biblioteca\system\Database\BaseConnection.php(734): CodeIgniter\Database\MySQLi\Connection->execute('SELECT *\nFROM `...')
#2 C:\laragon\www\biblioteca\system\Database\BaseConnection.php(648): CodeIgniter\Database\BaseConnection->simpleQuery('SELECT *\nFROM `...')
#3 C:\laragon\www\biblioteca\system\Database\BaseBuilder.php(1644): CodeIgniter\Database\BaseConnection->query('SELECT *\nFROM `...', Array, false)
#4 C:\laragon\www\biblioteca\system\Model.php(286): CodeIgniter\Database\BaseBuilder->get()
#5 C:\laragon\www\biblioteca\system\BaseModel.php(676): CodeIgniter\Model->doFindAll(0, 0)
#6 C:\laragon\www\biblioteca\app\Controllers\Categorias.php(15): CodeIgniter\BaseModel->findAll()
#7 C:\laragon\www\biblioteca\system\CodeIgniter.php(933): App\Controllers\Categorias->index()
#8 C:\laragon\www\biblioteca\system\CodeIgniter.php(509): CodeIgniter\CodeIgniter->runController(Object(App\Controllers\Categorias))
#9 C:\laragon\www\biblioteca\system\CodeIgniter.php(355): CodeIgniter\CodeIgniter->handleRequest(NULL, Object(Config\Cache), false)
#10 C:\laragon\www\biblioteca\system\Boot.php(325): CodeIgniter\CodeIgniter->run()
#11 C:\laragon\www\biblioteca\system\Boot.php(67): CodeIgniter\Boot::runCodeIgniter(Object(CodeIgniter\CodeIgniter))
#12 C:\laragon\www\biblioteca\public\index.php(56): CodeIgniter\Boot::bootWeb(Object(Config\Paths))
#13 {main}
CRITICAL - 2024-11-25 16:01:28 --> Error: Call to a member function getResult() on bool
[Method: GET, Route: Categorias]
in SYSTEMPATH\Model.php on line 287.
 1 SYSTEMPATH\BaseModel.php(676): CodeIgniter\Model->doFindAll(0, 0)
 2 APPPATH\Controllers\Categorias.php(15): CodeIgniter\BaseModel->findAll()
 3 SYSTEMPATH\CodeIgniter.php(933): App\Controllers\Categorias->index()
 4 SYSTEMPATH\CodeIgniter.php(509): CodeIgniter\CodeIgniter->runController(Object(App\Controllers\Categorias))
 5 SYSTEMPATH\CodeIgniter.php(355): CodeIgniter\CodeIgniter->handleRequest(null, Object(Config\Cache), false)
 6 SYSTEMPATH\Boot.php(325): CodeIgniter\CodeIgniter->run()
 7 SYSTEMPATH\Boot.php(67): CodeIgniter\Boot::runCodeIgniter(Object(CodeIgniter\CodeIgniter))
 8 FCPATH\index.php(56): CodeIgniter\Boot::bootWeb(Object(Config\Paths))
ERROR - 2024-11-25 16:01:29 --> mysqli_sql_exception: Table 'biblioteca.categoria' doesn't exist in C:\laragon\www\biblioteca\system\Database\MySQLi\Connection.php:312
Stack trace:
#0 C:\laragon\www\biblioteca\system\Database\MySQLi\Connection.php(312): mysqli->query('SELECT *\nFROM `...', 0)
#1 C:\laragon\www\biblioteca\system\Database\BaseConnection.php(734): CodeIgniter\Database\MySQLi\Connection->execute('SELECT *\nFROM `...')
#2 C:\laragon\www\biblioteca\system\Database\BaseConnection.php(648): CodeIgniter\Database\BaseConnection->simpleQuery('SELECT *\nFROM `...')
#3 C:\laragon\www\biblioteca\system\Database\BaseBuilder.php(1644): CodeIgniter\Database\BaseConnection->query('SELECT *\nFROM `...', Array, false)
#4 C:\laragon\www\biblioteca\system\Model.php(286): CodeIgniter\Database\BaseBuilder->get()
#5 C:\laragon\www\biblioteca\system\BaseModel.php(676): CodeIgniter\Model->doFindAll(0, 0)
#6 C:\laragon\www\biblioteca\app\Controllers\Categorias.php(15): CodeIgniter\BaseModel->findAll()
#7 C:\laragon\www\biblioteca\system\CodeIgniter.php(933): App\Controllers\Categorias->index()
#8 C:\laragon\www\biblioteca\system\CodeIgniter.php(509): CodeIgniter\CodeIgniter->runController(Object(App\Controllers\Categorias))
#9 C:\laragon\www\biblioteca\system\CodeIgniter.php(355): CodeIgniter\CodeIgniter->handleRequest(NULL, Object(Config\Cache), false)
#10 C:\laragon\www\biblioteca\system\Boot.php(325): CodeIgniter\CodeIgniter->run()
#11 C:\laragon\www\biblioteca\system\Boot.php(67): CodeIgniter\Boot::runCodeIgniter(Object(CodeIgniter\CodeIgniter))
#12 C:\laragon\www\biblioteca\public\index.php(56): CodeIgniter\Boot::bootWeb(Object(Config\Paths))
#13 {main}
CRITICAL - 2024-11-25 16:01:29 --> Error: Call to a member function getResult() on bool
[Method: GET, Route: Categorias]
in SYSTEMPATH\Model.php on line 287.
 1 SYSTEMPATH\BaseModel.php(676): CodeIgniter\Model->doFindAll(0, 0)
 2 APPPATH\Controllers\Categorias.php(15): CodeIgniter\BaseModel->findAll()
 3 SYSTEMPATH\CodeIgniter.php(933): App\Controllers\Categorias->index()
 4 SYSTEMPATH\CodeIgniter.php(509): CodeIgniter\CodeIgniter->runController(Object(App\Controllers\Categorias))
 5 SYSTEMPATH\CodeIgniter.php(355): CodeIgniter\CodeIgniter->handleRequest(null, Object(Config\Cache), false)
 6 SYSTEMPATH\Boot.php(325): CodeIgniter\CodeIgniter->run()
 7 SYSTEMPATH\Boot.php(67): CodeIgniter\Boot::runCodeIgniter(Object(CodeIgniter\CodeIgniter))
 8 FCPATH\index.php(56): CodeIgniter\Boot::bootWeb(Object(Config\Paths))
INFO - 2024-11-25 16:01:30 --> Session: Class initialized using 'CodeIgniter\Session\Handlers\FileHandler' driver.
ERROR - 2024-11-25 16:11:50 --> mysqli_sql_exception: Table 'biblioteca.categoria' doesn't exist in C:\laragon\www\biblioteca\system\Database\MySQLi\Connection.php:312
Stack trace:
#0 C:\laragon\www\biblioteca\system\Database\MySQLi\Connection.php(312): mysqli->query('SELECT *\nFROM `...', 0)
#1 C:\laragon\www\biblioteca\system\Database\BaseConnection.php(734): CodeIgniter\Database\MySQLi\Connection->execute('SELECT *\nFROM `...')
#2 C:\laragon\www\biblioteca\system\Database\BaseConnection.php(648): CodeIgniter\Database\BaseConnection->simpleQuery('SELECT *\nFROM `...')
#3 C:\laragon\www\biblioteca\system\Database\BaseBuilder.php(1644): CodeIgniter\Database\BaseConnection->query('SELECT *\nFROM `...', Array, false)
#4 C:\laragon\www\biblioteca\system\Model.php(286): CodeIgniter\Database\BaseBuilder->get()
#5 C:\laragon\www\biblioteca\system\BaseModel.php(676): CodeIgniter\Model->doFindAll(0, 0)
#6 C:\laragon\www\biblioteca\app\Controllers\Categorias.php(15): CodeIgniter\BaseModel->findAll()
#7 C:\laragon\www\biblioteca\system\CodeIgniter.php(933): App\Controllers\Categorias->index()
#8 C:\laragon\www\biblioteca\system\CodeIgniter.php(509): CodeIgniter\CodeIgniter->runController(Object(App\Controllers\Categorias))
#9 C:\laragon\www\biblioteca\system\CodeIgniter.php(355): CodeIgniter\CodeIgniter->handleRequest(NULL, Object(Config\Cache), false)
#10 C:\laragon\www\biblioteca\system\Boot.php(325): CodeIgniter\CodeIgniter->run()
#11 C:\laragon\www\biblioteca\system\Boot.php(67): CodeIgniter\Boot::runCodeIgniter(Object(CodeIgniter\CodeIgniter))
#12 C:\laragon\www\biblioteca\public\index.php(56): CodeIgniter\Boot::bootWeb(Object(Config\Paths))
#13 {main}
CRITICAL - 2024-11-25 16:11:50 --> Error: Call to a member function getResult() on bool
[Method: GET, Route: Categorias]
in SYSTEMPATH\Model.php on line 287.
 1 SYSTEMPATH\BaseModel.php(676): CodeIgniter\Model->doFindAll(0, 0)
 2 APPPATH\Controllers\Categorias.php(15): CodeIgniter\BaseModel->findAll()
 3 SYSTEMPATH\CodeIgniter.php(933): App\Controllers\Categorias->index()
 4 SYSTEMPATH\CodeIgniter.php(509): CodeIgniter\CodeIgniter->runController(Object(App\Controllers\Categorias))
 5 SYSTEMPATH\CodeIgniter.php(355): CodeIgniter\CodeIgniter->handleRequest(null, Object(Config\Cache), false)
 6 SYSTEMPATH\Boot.php(325): CodeIgniter\CodeIgniter->run()
 7 SYSTEMPATH\Boot.php(67): CodeIgniter\Boot::runCodeIgniter(Object(CodeIgniter\CodeIgniter))
 8 FCPATH\index.php(56): CodeIgniter\Boot::bootWeb(Object(Config\Paths))
ERROR - 2024-11-25 16:11:52 --> mysqli_sql_exception: Table 'biblioteca.categoria' doesn't exist in C:\laragon\www\biblioteca\system\Database\MySQLi\Connection.php:312
Stack trace:
#0 C:\laragon\www\biblioteca\system\Database\MySQLi\Connection.php(312): mysqli->query('SELECT *\nFROM `...', 0)
#1 C:\laragon\www\biblioteca\system\Database\BaseConnection.php(734): CodeIgniter\Database\MySQLi\Connection->execute('SELECT *\nFROM `...')
#2 C:\laragon\www\biblioteca\system\Database\BaseConnection.php(648): CodeIgniter\Database\BaseConnection->simpleQuery('SELECT *\nFROM `...')
#3 C:\laragon\www\biblioteca\system\Database\BaseBuilder.php(1644): CodeIgniter\Database\BaseConnection->query('SELECT *\nFROM `...', Array, false)
#4 C:\laragon\www\biblioteca\system\Model.php(286): CodeIgniter\Database\BaseBuilder->get()
#5 C:\laragon\www\biblioteca\system\BaseModel.php(676): CodeIgniter\Model->doFindAll(0, 0)
#6 C:\laragon\www\biblioteca\app\Controllers\Categorias.php(15): CodeIgniter\BaseModel->findAll()
#7 C:\laragon\www\biblioteca\system\CodeIgniter.php(933): App\Controllers\Categorias->index()
#8 C:\laragon\www\biblioteca\system\CodeIgniter.php(509): CodeIgniter\CodeIgniter->runController(Object(App\Controllers\Categorias))
#9 C:\laragon\www\biblioteca\system\CodeIgniter.php(355): CodeIgniter\CodeIgniter->handleRequest(NULL, Object(Config\Cache), false)
#10 C:\laragon\www\biblioteca\system\Boot.php(325): CodeIgniter\CodeIgniter->run()
#11 C:\laragon\www\biblioteca\system\Boot.php(67): CodeIgniter\Boot::runCodeIgniter(Object(CodeIgniter\CodeIgniter))
#12 C:\laragon\www\biblioteca\public\index.php(56): CodeIgniter\Boot::bootWeb(Object(Config\Paths))
#13 {main}
CRITICAL - 2024-11-25 16:11:52 --> Error: Call to a member function getResult() on bool
[Method: GET, Route: Categorias]
in SYSTEMPATH\Model.php on line 287.
 1 SYSTEMPATH\BaseModel.php(676): CodeIgniter\Model->doFindAll(0, 0)
 2 APPPATH\Controllers\Categorias.php(15): CodeIgniter\BaseModel->findAll()
 3 SYSTEMPATH\CodeIgniter.php(933): App\Controllers\Categorias->index()
 4 SYSTEMPATH\CodeIgniter.php(509): CodeIgniter\CodeIgniter->runController(Object(App\Controllers\Categorias))
 5 SYSTEMPATH\CodeIgniter.php(355): CodeIgniter\CodeIgniter->handleRequest(null, Object(Config\Cache), false)
 6 SYSTEMPATH\Boot.php(325): CodeIgniter\CodeIgniter->run()
 7 SYSTEMPATH\Boot.php(67): CodeIgniter\Boot::runCodeIgniter(Object(CodeIgniter\CodeIgniter))
 8 FCPATH\index.php(56): CodeIgniter\Boot::bootWeb(Object(Config\Paths))
